2024-01-20 01:09:27,646 [INFO] Activator:176 - 


2024-01-20 01:09:27,652 [INFO] Activator:177 - !SESSION log4j initialized
2024-01-20 01:09:33,521 [INFO] LogOutputStream:77 - [STDOUT_REDIRECT] 
2024-01-20 01:09:34,998 [INFO] ApplicationProperties:184 - Using Application install path: D:\Nueva carpeta\STM32CubeIDE_1.14.0\STM32CubeIDE\plugins\com.st.stm32cube.common.mx_6.10.0.202311202037
2024-01-20 01:09:35,013 [INFO] DbMcusXml:78 - Set database path to: D:\Nueva carpeta\STM32CubeIDE_1.14.0\STM32CubeIDE\plugins\com.st.stm32cube.common.mx_6.10.0.202311202037\\db\/mcu/
2024-01-20 01:09:35,013 [INFO] ApiDb:274 - Set plugin database path to: D:\Nueva carpeta\STM32CubeIDE_1.14.0\STM32CubeIDE\plugins\com.st.stm32cube.common.mx_6.10.0.202311202037\\db\/plugins/boardmanager/
2024-01-20 01:09:35,014 [WARN] ApiDb:259 - Overriding images path with different value:  => D:\Nueva carpeta\STM32CubeIDE_1.14.0\STM32CubeIDE\plugins\com.st.stm32cube.common.mx_6.10.0.202311202037\\db\/plugins/mcufinder/images/
2024-01-20 01:09:35,020 [INFO] ApiDb:250 - Set database path to: C:\Users\clont\.stmcufinder\plugins\mcufinder//mcu/
2024-01-20 01:09:35,021 [INFO] DbMcusAds:125 - Set database path to: C:\Users\clont\.stmcufinder\plugins\mcufinder//mcu/
2024-01-20 01:09:35,023 [INFO] CrossReferenceDbSqlite:203 - Set database path to: C:\Users\clont\.stmcufinder\plugins\mcufinder//mcu/cs/
2024-01-20 01:09:35,148 [INFO] RulesReader:64 - Compatibility file has been processed (297 Rules)
2024-01-20 01:09:35,253 [INFO] DbMcusXml:78 - Set database path to: D:\Nueva carpeta\STM32CubeIDE_1.14.0\STM32CubeIDE\plugins\com.st.stm32cube.common.mx_6.10.0.202311202037\\db\/mcu/
2024-01-20 01:09:35,253 [INFO] ApiDb:274 - Set plugin database path to: D:\Nueva carpeta\STM32CubeIDE_1.14.0\STM32CubeIDE\plugins\com.st.stm32cube.common.mx_6.10.0.202311202037\\db\/plugins/boardmanager/
2024-01-20 01:09:35,254 [INFO] ApiDb:261 - Set plugin images path to: D:\Nueva carpeta\STM32CubeIDE_1.14.0\STM32CubeIDE\plugins\com.st.stm32cube.common.mx_6.10.0.202311202037\\db\/plugins/mcufinder/images/
2024-01-20 01:09:35,254 [WARN] DbFile:41 - Overriding database path with different value: C:\Users\clont\.stmcufinder\plugins\mcufinder/ => C:\Users\clont\.stmcufinder\plugins\mcufinder
2024-01-20 01:09:35,254 [INFO] ApiDb:250 - Set database path to: C:\Users\clont\.stmcufinder\plugins\mcufinder//mcu/
2024-01-20 01:09:35,254 [WARN] DbFile:41 - Overriding database path with different value: C:\Users\clont\.stmcufinder\plugins\mcufinder/ => C:\Users\clont\.stmcufinder\plugins\mcufinder
2024-01-20 01:09:35,254 [INFO] DbMcusAds:125 - Set database path to: C:\Users\clont\.stmcufinder\plugins\mcufinder//mcu/
2024-01-20 01:09:35,254 [WARN] DbFile:41 - Overriding database path with different value: C:\Users\clont\.stmcufinder\plugins\mcufinder/ => C:\Users\clont\.stmcufinder\plugins\mcufinder
2024-01-20 01:09:35,254 [WARN] DbFile:41 - Overriding database path with different value: C:\Users\clont\.stmcufinder\plugins\mcufinder/ => C:\Users\clont\.stmcufinder\plugins\mcufinder
2024-01-20 01:09:35,255 [INFO] CrossReferenceDbSqlite:203 - Set database path to: C:\Users\clont\.stmcufinder\plugins\mcufinder//mcu/cs/
2024-01-20 01:09:35,342 [INFO] MainPanel:264 - HeapMemory: 268435456
2024-01-20 01:09:35,422 [INFO] DbMcusXml:78 - Set database path to: D:\Nueva carpeta\STM32CubeIDE_1.14.0\STM32CubeIDE\plugins\com.st.stm32cube.common.mx_6.10.0.202311202037\\db\/mcu/
2024-01-20 01:09:35,422 [INFO] ApiDb:274 - Set plugin database path to: D:\Nueva carpeta\STM32CubeIDE_1.14.0\STM32CubeIDE\plugins\com.st.stm32cube.common.mx_6.10.0.202311202037\\db\/plugins/boardmanager/
2024-01-20 01:09:35,422 [INFO] ApiDb:261 - Set plugin images path to: D:\Nueva carpeta\STM32CubeIDE_1.14.0\STM32CubeIDE\plugins\com.st.stm32cube.common.mx_6.10.0.202311202037\\db\/plugins/mcufinder/images/
2024-01-20 01:09:35,422 [WARN] DbFile:41 - Overriding database path with different value: C:\Users\clont\.stmcufinder\plugins\mcufinder/ => C:\Users\clont\.stmcufinder\plugins\mcufinder
2024-01-20 01:09:35,422 [INFO] ApiDb:250 - Set database path to: C:\Users\clont\.stmcufinder\plugins\mcufinder//mcu/
2024-01-20 01:09:35,422 [WARN] DbFile:41 - Overriding database path with different value: C:\Users\clont\.stmcufinder\plugins\mcufinder/ => C:\Users\clont\.stmcufinder\plugins\mcufinder
2024-01-20 01:09:35,423 [INFO] DbMcusAds:125 - Set database path to: C:\Users\clont\.stmcufinder\plugins\mcufinder//mcu/
2024-01-20 01:09:35,423 [WARN] DbFile:41 - Overriding database path with different value: C:\Users\clont\.stmcufinder\plugins\mcufinder/ => C:\Users\clont\.stmcufinder\plugins\mcufinder
2024-01-20 01:09:35,423 [WARN] DbFile:41 - Overriding database path with different value: C:\Users\clont\.stmcufinder\plugins\mcufinder/ => C:\Users\clont\.stmcufinder\plugins\mcufinder
2024-01-20 01:09:35,423 [INFO] CrossReferenceDbSqlite:203 - Set database path to: C:\Users\clont\.stmcufinder\plugins\mcufinder//mcu/cs/
2024-01-20 01:09:35,447 [INFO] ApplicationProperties:184 - Using Application install path: D:\Nueva carpeta\STM32CubeIDE_1.14.0\STM32CubeIDE\plugins\com.st.stm32cube.common.mx_6.10.0.202311202037
2024-01-20 01:09:35,448 [INFO] PluginManage:196 - Search for loadable plugins [exclusion list=, ]
2024-01-20 01:09:35,450 [INFO] PluginManage:310 - Check plugin analytics
2024-01-20 01:09:35,984 [INFO] AnalyticsPlugin:253 - Accepted Software Licenses: 
2024-01-20 01:09:35,984 [INFO] AnalyticsPlugin:255 - Accepted CMSIS Pack Licenses: 
2024-01-20 01:09:35,985 [INFO] AnalyticsPlugin:257 - Accepted Firmware Licenses: FW.F4.1.28.0
2024-01-20 01:09:35,990 [INFO] PluginManage:359 - Loaded plugin analytics (category:tool,tabindex:-1)
2024-01-20 01:09:35,991 [INFO] PluginManage:310 - Check plugin cadmodel
2024-01-20 01:09:35,994 [INFO] CADModel:105 - Init CAD model plugin
2024-01-20 01:09:35,994 [INFO] PluginManage:359 - Loaded plugin cadmodel (category:power,tabindex:5)
2024-01-20 01:09:35,995 [INFO] PluginManage:310 - Check plugin clock
2024-01-20 01:09:36,002 [INFO] PluginManage:359 - Loaded plugin clock (category:base,tabindex:2)
2024-01-20 01:09:36,002 [INFO] PluginManage:310 - Check plugin ddr
2024-01-20 01:09:36,004 [INFO] PluginManage:359 - Loaded plugin ddr (category:tool,tabindex:6)
2024-01-20 01:09:36,004 [INFO] PluginManage:310 - Check plugin filemanager
2024-01-20 01:09:36,135 [INFO] PluginManage:359 - Loaded plugin filemanager (category:base,tabindex:10)
2024-01-20 01:09:36,135 [INFO] PluginManage:310 - Check plugin ipmanager
2024-01-20 01:09:36,143 [INFO] PluginManage:359 - Loaded plugin ipmanager (category:base,tabindex:5)
2024-01-20 01:09:36,143 [INFO] PluginManage:310 - Check plugin lpbam
2024-01-20 01:09:36,151 [INFO] PluginManage:359 - Loaded plugin lpbam (category:base,tabindex:0)
2024-01-20 01:09:36,151 [INFO] PluginManage:310 - Check plugin memorymap
2024-01-20 01:09:36,163 [INFO] PluginManage:359 - Loaded plugin memorymap (category:base,tabindex:4)
2024-01-20 01:09:36,164 [INFO] PluginManage:310 - Check plugin pinoutandconfiguration
2024-01-20 01:09:36,170 [INFO] PluginManage:359 - Loaded plugin pinoutandconfiguration (category:base,tabindex:1)
2024-01-20 01:09:36,170 [INFO] PluginManage:310 - Check plugin pinoutconfig
2024-01-20 01:09:36,267 [WARN] SupportedApi:132 - Cannot load RTOS API schema: s4s-elt-must-match.1: The content of 'definitions' must match (annotation?, (simpleType | complexType)?, (unique | key | keyref)*)). A problem was found starting at: attribute.
2024-01-20 01:09:36,416 [INFO] PluginManage:359 - Loaded plugin pinoutconfig (category:base,tabindex:0)
2024-01-20 01:09:36,416 [INFO] PluginManage:310 - Check plugin power
2024-01-20 01:09:36,425 [INFO] PluginManage:359 - Loaded plugin power (category:power,tabindex:4)
2024-01-20 01:09:36,425 [INFO] PluginManage:310 - Check plugin projectmanager
2024-01-20 01:09:36,443 [INFO] PluginManage:359 - Loaded plugin projectmanager (category:projectmanager,tabindex:3)
2024-01-20 01:09:36,443 [INFO] PluginManage:310 - Check plugin thirdparty
2024-01-20 01:09:36,579 [INFO] PluginManage:359 - Loaded plugin thirdparty (category:base,tabindex:-1)
2024-01-20 01:09:36,579 [INFO] PluginManage:310 - Check plugin tools
2024-01-20 01:09:36,580 [WARN] IntegrityCheckThread:84 - waiting for thirdparty lock release [integrity check]
2024-01-20 01:09:36,580 [INFO] IntegrityCheckThread:86 - entering critical section [integrity check]
2024-01-20 01:09:36,581 [INFO] ThirdPartyUpdaterWithRetryManager:70 - Updater plugin not ready yet. [1/15]
2024-01-20 01:09:36,582 [INFO] PluginManage:359 - Loaded plugin tools (category:base,tabindex:7)
2024-01-20 01:09:36,583 [INFO] PluginManage:310 - Check plugin tutovideos
2024-01-20 01:09:36,767 [INFO] PluginManage:359 - Loaded plugin tutovideos (category:base,tabindex:-1)
2024-01-20 01:09:36,768 [INFO] PluginManage:310 - Check plugin updater
2024-01-20 01:09:36,781 [INFO] PluginManage:359 - Loaded plugin updater (category:base,tabindex:12)
2024-01-20 01:09:36,781 [INFO] PluginManage:310 - Check plugin userauth
2024-01-20 01:09:36,786 [INFO] UserAuth:114 - Init User Auth plugin
2024-01-20 01:09:36,786 [INFO] PluginManage:359 - Loaded plugin userauth (category:base,tabindex:14)
2024-01-20 01:09:36,786 [INFO] PluginManage:283 - PluginManage : Loaded plugins [17]
2024-01-20 01:09:37,005 [INFO] PinOutPanel:1499 - setPackage(No Configuration,No Configuration)
2024-01-20 01:09:37,105 [INFO] CADModel:165 - CPN selected for project level
2024-01-20 01:09:37,106 [INFO] CADModel:114 - Register for checkConnection events
2024-01-20 01:09:37,135 [INFO] IPUIPlugin:80 - create IPUIPlugin
2024-01-20 01:09:37,135 [INFO] PluginManager:220 - loadIPPluginJar : add adc
2024-01-20 01:09:37,137 [INFO] IPUIPlugin:80 - create IPUIPlugin
2024-01-20 01:09:37,138 [INFO] PluginManager:220 - loadIPPluginJar : add aes
2024-01-20 01:09:37,145 [INFO] IPUIPlugin:80 - create IPUIPlugin
2024-01-20 01:09:37,145 [INFO] PluginManager:220 - loadIPPluginJar : add can
2024-01-20 01:09:37,147 [INFO] IPUIPlugin:80 - create IPUIPlugin
2024-01-20 01:09:37,147 [INFO] PluginManager:220 - loadIPPluginJar : add comp
2024-01-20 01:09:37,150 [INFO] IPUIPlugin:80 - create IPUIPlugin
2024-01-20 01:09:37,150 [INFO] PluginManager:220 - loadIPPluginJar : add cryp
2024-01-20 01:09:37,152 [INFO] IPUIPlugin:80 - create IPUIPlugin
2024-01-20 01:09:37,153 [INFO] PluginManager:220 - loadIPPluginJar : add dfsdm
2024-01-20 01:09:37,158 [INFO] IPUIPlugin:80 - create IPUIPlugin
2024-01-20 01:09:37,158 [INFO] PluginManager:220 - loadIPPluginJar : add dma
2024-01-20 01:09:37,161 [INFO] IPUIPlugin:80 - create IPUIPlugin
2024-01-20 01:09:37,161 [INFO] PluginManager:220 - loadIPPluginJar : add dma3
2024-01-20 01:09:37,163 [INFO] IPUIPlugin:80 - create IPUIPlugin
2024-01-20 01:09:37,163 [INFO] PluginManager:220 - loadIPPluginJar : add fatfs
2024-01-20 01:09:37,168 [INFO] IPUIPlugin:80 - create IPUIPlugin
2024-01-20 01:09:37,168 [INFO] PluginManager:220 - loadIPPluginJar : add fmc
2024-01-20 01:09:37,174 [INFO] IPUIPlugin:80 - create IPUIPlugin
2024-01-20 01:09:37,174 [INFO] PluginManager:220 - loadIPPluginJar : add freertos
2024-01-20 01:09:37,176 [INFO] IPUIPlugin:80 - create IPUIPlugin
2024-01-20 01:09:37,176 [INFO] PluginManager:220 - loadIPPluginJar : add genericplugin
2024-01-20 01:09:37,178 [INFO] IPUIPlugin:80 - create IPUIPlugin
2024-01-20 01:09:37,179 [INFO] PluginManager:220 - loadIPPluginJar : add gfxmmu
2024-01-20 01:09:37,183 [INFO] IPUIPlugin:80 - create IPUIPlugin
2024-01-20 01:09:37,184 [INFO] PluginManager:220 - loadIPPluginJar : add gic
2024-01-20 01:09:37,188 [INFO] IPUIPlugin:80 - create IPUIPlugin
2024-01-20 01:09:37,188 [INFO] PluginManager:220 - loadIPPluginJar : add gpio
2024-01-20 01:09:37,190 [INFO] IPUIPlugin:80 - create IPUIPlugin
2024-01-20 01:09:37,191 [INFO] PluginManager:220 - loadIPPluginJar : add gtzc
2024-01-20 01:09:37,193 [INFO] IPUIPlugin:80 - create IPUIPlugin
2024-01-20 01:09:37,193 [INFO] PluginManager:220 - loadIPPluginJar : add hash
2024-01-20 01:09:37,195 [INFO] IPUIPlugin:80 - create IPUIPlugin
2024-01-20 01:09:37,195 [INFO] PluginManager:220 - loadIPPluginJar : add i2c
2024-01-20 01:09:37,197 [INFO] IPUIPlugin:80 - create IPUIPlugin
2024-01-20 01:09:37,197 [INFO] PluginManager:220 - loadIPPluginJar : add i2s
2024-01-20 01:09:37,200 [INFO] IPUIPlugin:80 - create IPUIPlugin
2024-01-20 01:09:37,200 [INFO] PluginManager:220 - loadIPPluginJar : add i3c
2024-01-20 01:09:37,203 [INFO] IPUIPlugin:80 - create IPUIPlugin
2024-01-20 01:09:37,203 [INFO] PluginManager:220 - loadIPPluginJar : add ipddr
2024-01-20 01:09:37,212 [INFO] IPUIPlugin:80 - create IPUIPlugin
2024-01-20 01:09:37,213 [INFO] PluginManager:220 - loadIPPluginJar : add linkedlist
2024-01-20 01:09:37,215 [INFO] IPUIPlugin:80 - create IPUIPlugin
2024-01-20 01:09:37,215 [INFO] PluginManager:220 - loadIPPluginJar : add lorawan
2024-01-20 01:09:37,217 [INFO] IPUIPlugin:80 - create IPUIPlugin
2024-01-20 01:09:37,217 [INFO] PluginManager:220 - loadIPPluginJar : add ltdc
2024-01-20 01:09:37,223 [INFO] IPUIPlugin:80 - create IPUIPlugin
2024-01-20 01:09:37,223 [INFO] PluginManager:220 - loadIPPluginJar : add mdma
2024-01-20 01:09:37,226 [INFO] IPUIPlugin:80 - create IPUIPlugin
2024-01-20 01:09:37,226 [INFO] PluginManager:220 - loadIPPluginJar : add nvic
2024-01-20 01:09:37,229 [INFO] IPUIPlugin:80 - create IPUIPlugin
2024-01-20 01:09:37,229 [INFO] PluginManager:220 - loadIPPluginJar : add opamp
2024-01-20 01:09:37,232 [INFO] IPUIPlugin:80 - create IPUIPlugin
2024-01-20 01:09:37,232 [INFO] PluginManager:220 - loadIPPluginJar : add openamp
2024-01-20 01:09:37,235 [INFO] IPUIPlugin:80 - create IPUIPlugin
2024-01-20 01:09:37,235 [INFO] PluginManager:220 - loadIPPluginJar : add pdm2pcm
2024-01-20 01:09:37,246 [INFO] IPUIPlugin:80 - create IPUIPlugin
2024-01-20 01:09:37,249 [INFO] PluginManager:220 - loadIPPluginJar : add plateformsettings
2024-01-20 01:09:37,250 [INFO] IPUIPlugin:80 - create IPUIPlugin
2024-01-20 01:09:37,250 [INFO] PluginManager:220 - loadIPPluginJar : add quadspi
2024-01-20 01:09:37,253 [INFO] IPUIPlugin:80 - create IPUIPlugin
2024-01-20 01:09:37,253 [INFO] PluginManager:220 - loadIPPluginJar : add resmgrutility
2024-01-20 01:09:37,256 [INFO] IPUIPlugin:80 - create IPUIPlugin
2024-01-20 01:09:37,256 [INFO] PluginManager:220 - loadIPPluginJar : add sai
2024-01-20 01:09:37,259 [INFO] IPUIPlugin:80 - create IPUIPlugin
2024-01-20 01:09:37,259 [INFO] PluginManager:220 - loadIPPluginJar : add spi
2024-01-20 01:09:37,264 [INFO] IPUIPlugin:80 - create IPUIPlugin
2024-01-20 01:09:37,264 [INFO] PluginManager:220 - loadIPPluginJar : add stm32_wpan
2024-01-20 01:09:37,266 [INFO] IPUIPlugin:80 - create IPUIPlugin
2024-01-20 01:09:37,266 [INFO] PluginManager:220 - loadIPPluginJar : add tim
2024-01-20 01:09:37,269 [INFO] IPUIPlugin:80 - create IPUIPlugin
2024-01-20 01:09:37,269 [INFO] PluginManager:220 - loadIPPluginJar : add touchsensing
2024-01-20 01:09:37,271 [INFO] IPUIPlugin:80 - create IPUIPlugin
2024-01-20 01:09:37,271 [INFO] PluginManager:220 - loadIPPluginJar : add tracer_emb
2024-01-20 01:09:37,275 [INFO] IPUIPlugin:80 - create IPUIPlugin
2024-01-20 01:09:37,275 [INFO] PluginManager:220 - loadIPPluginJar : add ts
2024-01-20 01:09:37,278 [INFO] IPUIPlugin:80 - create IPUIPlugin
2024-01-20 01:09:37,279 [INFO] PluginManager:220 - loadIPPluginJar : add tsc
2024-01-20 01:09:37,281 [INFO] IPUIPlugin:80 - create IPUIPlugin
2024-01-20 01:09:37,281 [INFO] PluginManager:220 - loadIPPluginJar : add ucpd
2024-01-20 01:09:37,284 [INFO] IPUIPlugin:80 - create IPUIPlugin
2024-01-20 01:09:37,284 [INFO] PluginManager:220 - loadIPPluginJar : add usart
2024-01-20 01:09:37,286 [INFO] IPUIPlugin:80 - create IPUIPlugin
2024-01-20 01:09:37,286 [INFO] PluginManager:220 - loadIPPluginJar : add usbx
2024-01-20 01:09:37,416 [INFO] CADModel:165 - CPN selected for project level
2024-01-20 01:09:37,416 [INFO] CADModel:114 - Register for checkConnection events
2024-01-20 01:09:37,416 [FATAL] Updater:308 - Updater called before beeing initialized
2024-01-20 01:09:37,416 [ERROR] CADModel:125 - Updater not yet initialized, retry later 
2024-01-20 01:09:37,529 [INFO] CADModel:165 - CPN selected for project level
2024-01-20 01:09:37,529 [INFO] CADModel:114 - Register for checkConnection events
2024-01-20 01:09:37,529 [FATAL] Updater:308 - Updater called before beeing initialized
2024-01-20 01:09:37,529 [ERROR] CADModel:125 - Updater not yet initialized, retry later 
2024-01-20 01:09:37,531 [FATAL] Updater:308 - Updater called before beeing initialized
2024-01-20 01:09:37,654 [FATAL] Updater:308 - Updater called before beeing initialized
2024-01-20 01:09:37,658 [INFO] DbMcusAds:53 - JSON generation date=Wed Nov 29 11:52:27 CET 2023 (1701255147200)
2024-01-20 01:09:37,658 [FATAL] Updater:308 - Updater called before beeing initialized
2024-01-20 01:09:37,696 [WARN] DetailPanel:346 - Failed to get advertising image, set to default
2024-01-20 01:09:37,819 [FATAL] Updater:308 - Updater called before beeing initialized
2024-01-20 01:09:37,821 [FATAL] Updater:308 - Updater called before beeing initialized
2024-01-20 01:09:37,821 [FATAL] Updater:308 - Updater called before beeing initialized
2024-01-20 01:09:37,821 [WARN] DetailPanel:346 - Failed to get advertising image, set to default
2024-01-20 01:09:37,822 [FATAL] Updater:308 - Updater called before beeing initialized
2024-01-20 01:09:37,903 [ERROR] Updater:1120 - MainUpdater not yet initialized. External WinMGr cannot be set.
2024-01-20 01:09:37,905 [INFO] Updater:1056 - Updater Version found : 6.10.0
2024-01-20 01:09:37,923 [INFO] ApplicationProperties:184 - Using Application install path: D:\Nueva carpeta\STM32CubeIDE_1.14.0\STM32CubeIDE\plugins\com.st.stm32cube.common.mx_6.10.0.202311202037
2024-01-20 01:09:38,331 [INFO] MainUpdater:2873 - connection check result : 10
2024-01-20 01:09:38,333 [INFO] MainUpdater:290 - Updater Check For Update Now.
2024-01-20 01:09:38,333 [INFO] MicroXplorer:498 - Change Database Version : DB.6.0.100
2024-01-20 01:09:38,338 [INFO] McuFinderGlobals:63 - Set McuFinder mode to 2 (CubeIDE integrated)
2024-01-20 01:09:38,343 [INFO] UserAuth:404 - Internet connection configuration mode: 1
2024-01-20 01:09:38,359 [INFO] JxBrowserEngine:152 - Initiate JxBrowser Engine with user profile folder
2024-01-20 01:09:38,516 [INFO] CheckServerUpdateThread:120 - End of CheckServer Thread
2024-01-20 01:09:38,969 [INFO] WebApp:161 - Instantiating new browser for Auth
2024-01-20 01:09:39,674 [INFO] WebApp:780 - Register for checkConnection events
2024-01-20 01:09:39,675 [INFO] WebApp:414 - Apply proxy settings
2024-01-20 01:09:39,675 [INFO] WebApp:499 - Chromium requires no authentication
2024-01-20 01:09:39,693 [INFO] WebApp:442 - Direct internet connection detected
2024-01-20 01:09:39,882 [WARN] PackLoader:240 - Cannot read IP mode file for STMicroelectronics.X-CUBE-SMBUS.2.1.0
2024-01-20 01:09:39,893 [WARN] PackLoader:240 - Cannot read IP mode file for STMicroelectronics.X-CUBE-TOUCHGFX.4.23.0
2024-01-20 01:09:39,938 [WARN] PackLoader:240 - Cannot read IP mode file for STMicroelectronics.X-CUBE-AZRTOS-F7.1.1.0
2024-01-20 01:09:39,959 [WARN] PackLoader:240 - Cannot read IP mode file for STMicroelectronics.FP-SNS-MOTENV1.4.3.2
2024-01-20 01:09:39,961 [INFO] WebApp:192 - Starting web application
2024-01-20 01:09:39,961 [INFO] WebApp:544 - Web application path used D:\Nueva carpeta\STM32CubeIDE_1.14.0\STM32CubeIDE\plugins\com.st.stm32cube.common.mx_6.10.0.202311202037\db\plugins\mcufinder\reactClient1\index.html
2024-01-20 01:09:39,974 [WARN] PackLoader:240 - Cannot read IP mode file for STMicroelectronics.X-CUBE-BLE1.6.2.4
2024-01-20 01:09:39,981 [WARN] PackLoader:240 - Cannot read IP mode file for STMicroelectronics.FP-SNS-FLIGHT1.5.0.2
2024-01-20 01:09:39,990 [WARN] PackLoader:240 - Cannot read IP mode file for STMicroelectronics.X-CUBE-DISPLAY.3.0.0
2024-01-20 01:09:39,999 [WARN] PackLoader:240 - Cannot read IP mode file for STMicroelectronics.X-CUBE-BLE1.7.0.0
2024-01-20 01:09:40,003 [WARN] PackLoader:240 - Cannot read IP mode file for STMicroelectronics.X-CUBE-TOUCHGFX.4.22.1
2024-01-20 01:09:40,011 [WARN] PackLoader:240 - Cannot read IP mode file for STMicroelectronics.FP-SNS-SMARTAG2.1.2.0
2024-01-20 01:09:40,025 [INFO] LogOutputStream:77 - [STDOUT_REDIRECT] 1 : Invalid condition id : UX_CORESTACK_Condition cause : null
2024-01-20 01:09:40,026 [INFO] LogOutputStream:77 - [STDOUT_REDIRECT] 1 : Invalid condition id : UX_CORESTACK_Condition cause : null
2024-01-20 01:09:40,028 [INFO] LogOutputStream:77 - [STDOUT_REDIRECT] 1 : Invalid condition id : UX_CORESTACK_Condition cause : null
2024-01-20 01:09:40,031 [INFO] LogOutputStream:77 - [STDOUT_REDIRECT] 1 : Invalid condition id : UX_CORESTACK_Condition cause : null
2024-01-20 01:09:40,032 [INFO] LogOutputStream:77 - [STDOUT_REDIRECT] 1 : Invalid condition id : UX_CORESTACK_Condition cause : null
2024-01-20 01:09:40,037 [WARN] PackLoader:240 - Cannot read IP mode file for STMicroelectronics.X-CUBE-AZRTOS-WL.2.0.0
2024-01-20 01:09:40,050 [WARN] PackLoader:240 - Cannot read IP mode file for WES.I-CUBE-Cesium.1.3.0
2024-01-20 01:09:40,059 [WARN] PackLoader:240 - Cannot read IP mode file for STMicroelectronics.X-CUBE-BLE2.3.3.0
2024-01-20 01:09:40,068 [WARN] PackLoader:240 - Cannot read IP mode file for STMicroelectronics.X-CUBE-DISPLAY.2.2.0
2024-01-20 01:09:40,106 [WARN] PackLoader:240 - Cannot read IP mode file for STMicroelectronics.X-CUBE-TOF1.3.2.0
2024-01-20 01:09:40,154 [WARN] PackLoader:240 - Cannot read IP mode file for STMicroelectronics.X-CUBE-MEMS1.9.4.0
2024-01-20 01:09:40,341 [WARN] PackLoader:240 - Cannot read IP mode file for STMicroelectronics.X-CUBE-AI.7.3.0
2024-01-20 01:09:40,366 [WARN] PackLoader:240 - Cannot read IP mode file for STMicroelectronics.X-CUBE-ALGOBUILD.1.3.0
2024-01-20 01:09:40,385 [WARN] PackLoader:240 - Cannot read IP mode file for STMicroelectronics.X-CUBE-AZRTOS-G0.1.1.0
2024-01-20 01:09:40,392 [WARN] PackLoader:240 - Cannot read IP mode file for STMicroelectronics.X-CUBE-NFC4.3.0.0
2024-01-20 01:09:40,401 [WARN] PackLoader:240 - Cannot read IP mode file for STMicroelectronics.X-CUBE-BLEMGR.3.0.0
2024-01-20 01:09:40,410 [WARN] PackLoader:240 - Cannot read IP mode file for STMicroelectronics.X-CUBE-BLEMGR.1.3.0
2024-01-20 01:09:40,415 [WARN] PackLoader:240 - Cannot read IP mode file for STMicroelectronics.FP-ATR-SIGFOX1.3.2.0
2024-01-20 01:09:40,421 [WARN] PackLoader:240 - Cannot read IP mode file for STMicroelectronics.X-CUBE-TOUCHGFX.4.20.0
2024-01-20 01:09:40,497 [WARN] PackLoader:240 - Cannot read IP mode file for SEGGER.I-CUBE-embOS.1.3.0
2024-01-20 01:09:40,573 [WARN] PackLoader:240 - Cannot read IP mode file for STMicroelectronics.X-CUBE-GNSS1.6.0.0
2024-01-20 01:09:40,619 [WARN] PackLoader:240 - Cannot read IP mode file for STMicroelectronics.X-CUBE-AZRTOS-F4.1.1.0
2024-01-20 01:09:40,663 [WARN] PackLoader:240 - Cannot read IP mode file for STMicroelectronics.X-CUBE-AZRTOS-L5.2.0.0
2024-01-20 01:09:40,671 [WARN] PackLoader:240 - Cannot read IP mode file for STMicroelectronics.X-CUBE-EEPRMA1.4.2.0
2024-01-20 01:09:40,677 [WARN] PackLoader:240 - Cannot read IP mode file for ITTIA_DB.I-CUBE-ITTIADB.8.8.0
2024-01-20 01:09:40,719 [WARN] PackLoader:240 - Cannot read IP mode file for emotas.I-CUBE-CANOPEN.1.1.3
2024-01-20 01:09:40,726 [WARN] PackLoader:240 - Cannot read IP mode file for STMicroelectronics.X-CUBE-NFC4.2.0.5
2024-01-20 01:09:40,732 [WARN] PackLoader:240 - Cannot read IP mode file for wolfSSL.I-CUBE-wolfSSL.5.5.3
2024-01-20 01:09:40,759 [WARN] PackLoader:240 - Cannot read IP mode file for STMicroelectronics.X-CUBE-NFC7.1.0.1
2024-01-20 01:09:40,764 [WARN] PackLoader:240 - Cannot read IP mode file for STMicroelectronics.X-CUBE-NFC7.1.0.0
2024-01-20 01:09:40,792 [WARN] PackLoader:240 - Cannot read IP mode file for STMicroelectronics.X-CUBE-NFC6.3.0.0
2024-01-20 01:09:40,798 [WARN] PackLoader:240 - Cannot read IP mode file for STMicroelectronics.X-CUBE-AI.8.1.0
2024-01-20 01:09:40,815 [WARN] ConditionMgr:438 - getConditionDescription Invalid condition id : LAN8742 Phy interface Condition cause : null
2024-01-20 01:09:40,816 [WARN] PackLoader:240 - Cannot read IP mode file for STMicroelectronics.X-CUBE-AZRTOS-L4.2.0.0
2024-01-20 01:09:40,817 [WARN] ConditionMgr:1039 - genDependencies : Invalid condition id : LAN8742 Phy interface Condition cause : null
2024-01-20 01:09:40,817 [WARN] ConditionMgr:1039 - genDependencies : Invalid condition id : LAN8742 Phy interface Condition cause : null
2024-01-20 01:09:40,818 [WARN] ConditionMgr:1039 - genDependencies : Invalid condition id : LAN8742 Phy interface Condition cause : null
2024-01-20 01:09:40,824 [WARN] PackLoader:240 - Cannot read IP mode file for STMicroelectronics.X-CUBE-SFXS2LP1.4.0.0
2024-01-20 01:09:40,843 [WARN] PackLoader:240 - Cannot read IP mode file for STMicroelectronics.X-CUBE-AZRTOS-H7.3.0.0
2024-01-20 01:09:40,854 [WARN] PackLoader:240 - Cannot read IP mode file for STMicroelectronics.X-CUBE-ISPU.1.1.0
2024-01-20 01:09:40,863 [WARN] PackLoader:240 - Cannot read IP mode file for RoweBots.I-CUBE-UNISONRTOS.5.5.0-4
2024-01-20 01:09:40,876 [WARN] ConditionMgr:438 - getConditionDescription Invalid condition id : UX DEVICE CLASS RTOS Condition cause : null
2024-01-20 01:09:40,877 [WARN] ConditionMgr:438 - getConditionDescription Invalid condition id : UX DEVICE CLASS RTOS Condition cause : null
2024-01-20 01:09:40,881 [WARN] PackLoader:240 - Cannot read IP mode file for STMicroelectronics.X-CUBE-AZRTOS-WB.2.0.0
2024-01-20 01:09:40,882 [WARN] ConditionMgr:1039 - genDependencies : Invalid condition id : UX DEVICE CLASS RTOS Condition cause : null
2024-01-20 01:09:40,882 [WARN] ConditionMgr:1039 - genDependencies : Invalid condition id : UX DEVICE CLASS RTOS Condition cause : null
2024-01-20 01:09:40,883 [WARN] ConditionMgr:1039 - genDependencies : Invalid condition id : UX DEVICE CLASS RTOS Condition cause : null
2024-01-20 01:09:40,883 [WARN] ConditionMgr:1039 - genDependencies : Invalid condition id : UX DEVICE CLASS RTOS Condition cause : null
2024-01-20 01:09:40,883 [WARN] ConditionMgr:1039 - genDependencies : Invalid condition id : UX DEVICE CLASS RTOS Condition cause : null
2024-01-20 01:09:40,913 [WARN] PackLoader:240 - Cannot read IP mode file for STMicroelectronics.X-CUBE-AZRTOS-L5.1.1.0
2024-01-20 01:09:40,923 [WARN] PackLoader:240 - Cannot read IP mode file for STMicroelectronics.X-CUBE-SUBG2.5.0.0
2024-01-20 01:09:40,941 [WARN] PackLoader:240 - Cannot read IP mode file for STMicroelectronics.X-CUBE-AZRTOS-G4.2.0.0
2024-01-20 01:09:40,947 [WARN] PackLoader:240 - Cannot read IP mode file for STMicroelectronics.FP-ATR-ASTRA1.1.1.1
2024-01-20 01:09:40,958 [WARN] PackLoader:240 - Cannot read IP mode file for Infineon.AIROC-Wi-Fi-Bluetooth-STM32.1.5.1
2024-01-20 01:09:40,966 [WARN] PackLoader:240 - Cannot read IP mode file for STMicroelectronics.FP-SNS-MOTENVWB1.1.3.1
2024-01-20 01:09:40,977 [WARN] PackLoader:240 - Cannot read IP mode file for STMicroelectronics.X-CUBE-AZRTOS-G4.1.0.0
2024-01-20 01:09:40,991 [WARN] PackLoader:240 - Cannot read IP mode file for STMicroelectronics.X-CUBE-AZRTOS-L4.1.0.0
2024-01-20 01:09:40,997 [WARN] PackLoader:240 - Cannot read IP mode file for STMicroelectronics.X-CUBE-ISPU.2.0.0
2024-01-20 01:09:41,052 [WARN] PackLoader:240 - Cannot read IP mode file for STMicroelectronics.X-CUBE-MEMS1.10.0.0
2024-01-20 01:09:41,192 [WARN] PackLoader:240 - Cannot read IP mode file for STMicroelectronics.X-CUBE-FREERTOS.1.1.0
2024-01-20 01:09:41,203 [WARN] PackLoader:240 - Cannot read IP mode file for STMicroelectronics.X-CUBE-AZRTOS-WL.1.0.0
2024-01-20 01:09:41,210 [WARN] PackLoader:240 - Cannot read IP mode file for portGmbH.I-Cube-SoM-uGOAL.1.1.0
2024-01-20 01:09:41,214 [WARN] PackLoader:240 - Cannot read IP mode file for STMicroelectronics.X-CUBE-ALS.1.0.1
2024-01-20 01:09:41,225 [WARN] PackLoader:240 - Cannot read IP mode file for STMicroelectronics.X-CUBE-AZRTOS-WB.1.1.0
2024-01-20 01:09:41,234 [WARN] PackLoader:240 - Cannot read IP mode file for STMicroelectronics.X-CUBE-EEPRMA1.3.1.1
2024-01-20 01:09:41,240 [WARN] PackLoader:240 - Cannot read IP mode file for STMicroelectronics.FP-ATR-ASTRA1.2.0.0
2024-01-20 01:09:41,249 [WARN] PackLoader:240 - Cannot read IP mode file for STMicroelectronics.X-CUBE-TOF1.3.4.0
2024-01-20 01:09:41,306 [WARN] PackLoader:240 - Cannot read IP mode file for STMicroelectronics.X-CUBE-AZRTOS-H7.3.2.0
2024-01-20 01:09:41,310 [INFO] ThirdParty:978 - Integrity check success = true
2024-01-20 01:09:41,310 [INFO] IntegrityCheckThread:100 - exiting critical section [integrity check]
2024-01-20 01:09:41,310 [INFO] IntegrityCheckThread:103 - End integrity checks thread
2024-01-20 01:09:54,774 [ERROR] LogOutputStream:75 - [STDERR_REDIRECT] SLF4J: Failed to load class "org.slf4j.impl.StaticLoggerBinder".
2024-01-20 01:09:54,775 [ERROR] LogOutputStream:75 - [STDERR_REDIRECT] SLF4J: Defaulting to no-operation (NOP) logger implementation
2024-01-20 01:09:54,776 [ERROR] LogOutputStream:75 - [STDERR_REDIRECT] SLF4J: See http://www.slf4j.org/codes.html#StaticLoggerBinder for further details.
